[00:09:19] [Server thread/INFO]: root issued server command: /tp jak
[00:09:19] [Server thread/INFO]: [root: Teleported root to jak]
[00:11:50] [Server thread/INFO]: root has made the advancement [Take Aim]
[00:27:04] [Server thread/INFO]: root issued server command: /tp Verde jak
[00:27:04] [Server thread/INFO]: [root: Teleported Verde to jak]
[00:27:43] [Server thread/INFO]: root has made the advancement [A Seedy Place]
[00:35:06] [Server thread/INFO]: Verde has made the advancement [Sweet dreams]
[00:37:43] [Server thread/WARN]: root moved wrongly!
[00:37:43] [Server thread/WARN]: jak moved wrongly!
[01:12:34] [Server thread/INFO]: root issued server command: /tp Verde
[01:12:34] [Server thread/INFO]: [root: Teleported root to Verde]
[01:18:32] [Server thread/INFO]: jak issued server command: /tp verde
[01:18:33] [Server thread/INFO]: [jak: Teleported jak to Verde]
[01:20:34] [Server thread/INFO]: Verde was blown up by Creeper
[01:20:53] [Server thread/INFO]: jak issued server command: /tp verde jak
[01:20:53] [Server thread/INFO]: [jak: Teleported Verde to jak]
[01:20:53] [Server thread/INFO]: Verde has made the advancement [Suit Up]
[01:22:42] [Server thread/INFO]: root issued server command: /tp jak
[01:22:42] [Server thread/INFO]: [root: Teleported root to jak]
[01:26:24] [Server thread/INFO]: root was slain by Zombie
[01:26:30] [Server thread/INFO]: root issued server command: /tp jak
[01:26:30] [Server thread/INFO]: [root: Teleported root to jak]
[01:26:32] [Server thread/WARN]: Verde moved wrongly!
[01:29:16] [Server thread/INFO]: jak issued server command: /tp verde
[01:29:16] [Server thread/INFO]: [jak: Teleported jak to Verde]
[01:32:22] [Server thread/INFO]: root issued server command: /tp jak root
[01:32:22] [Server thread/INFO]: [root: Teleported jak to root]
[01:32:41] [Server thread/INFO]: root issued server command: /tp jak verde
[01:32:41] [Server thread/INFO]: [root: Teleported jak to Verde]
[01:32:49] [Server thread/INFO]: root issued server command: /tp jak root
[01:32:49] [Server thread/INFO]: [root: Teleported jak to root]
[01:32:56] [Server thread/INFO]: root issued server command: /tp verde root
[01:32:56] [Server thread/INFO]: [root: Teleported Verde to root]
[01:33:53] [Server thread/INFO]: jak issued server command: /tp verde
[01:33:53] [Server thread/INFO]: [jak: Teleported jak to Verde]
[01:54:09] [Server thread/INFO]: root lost connection: Disconnected
[01:54:09] [Server thread/INFO]: root left the game
[01:54:13] [Server thread/INFO]: Verde lost connection: Disconnected
[01:54:13] [Server thread/INFO]: Verde left the game
[01:56:42] [Server thread/INFO]: jak lost connection: Disconnected
[01:56:42] [Server thread/INFO]: jak left the game
[02:26:30] [User Authenticator #9/INFO]: UUID of player jak is c61fbf99-35d0-3faf-9fc4-7567385083da
[02:26:30] [Server thread/INFO]: jak[/172.17.0.1:51818] logged in with entity id 40134 at ([world]-20.031648743837337, 64.0, 1.3071662597115257)
[02:37:48] [Server thread/INFO]: jak lost connection: Disconnected
[02:37:48] [Server thread/INFO]: jak left the game
